生成启动时间为 2020/1/9 10:36:15。
     1>项目“C:\Users\Administrator\Documents\Visual Studio 2010\Projects\ncepu-master\chaoliu\chaoliu\chaoliu.vcxproj”在节点 2 上(build 个目标)。
     1>InitializeBuildStatus:
         正在创建“Debug\chaoliu.unsuccessfulbuild”，因为已指定“AlwaysCreate”。
       ClCompile:
         c:\Program Files (x86)\Microsoft Visual Studio 10.0\VC\bin\CL.exe /c /ZI /nologo /W3 /WX- /Od /Oy- /D WIN32 /D _DEBUG /D _CONSOLE /D _UNICODE /D UNICODE /Gm /EHsc /RTC1 /MDd /GS /fp:precise /Zc:wchar_t /Zc:forScope /Fo"Debug\\" /Fd"Debug\vc100.pdb" /Gd /TP /analyze- /errorReport:prompt chaoliujisuan.cpp
         chaoliujisuan.cpp
     1>c:\users\administrator\documents\visual studio 2010\projects\ncepu-master\chaoliu\chaoliu\chaoliujisuan.cpp(36): warning C4244: “=”: 从“double”转换到“int”，可能丢失数据
     1>c:\users\administrator\documents\visual studio 2010\projects\ncepu-master\chaoliu\chaoliu\chaoliujisuan.cpp(37): warning C4244: “=”: 从“double”转换到“int”，可能丢失数据
     1>c:\users\administrator\documents\visual studio 2010\projects\ncepu-master\chaoliu\chaoliu\chaoliujisuan.cpp(38): warning C4244: “=”: 从“double”转换到“int”，可能丢失数据
     1>c:\users\administrator\documents\visual studio 2010\projects\ncepu-master\chaoliu\chaoliu\chaoliujisuan.cpp(39): warning C4244: “=”: 从“double”转换到“int”，可能丢失数据
     1>c:\users\administrator\documents\visual studio 2010\projects\ncepu-master\chaoliu\chaoliu\chaoliujisuan.cpp(44): warning C4244: “=”: 从“double”转换到“int”，可能丢失数据
     1>c:\users\administrator\documents\visual studio 2010\projects\ncepu-master\chaoliu\chaoliu\chaoliujisuan.cpp(45): warning C4244: “=”: 从“double”转换到“int”，可能丢失数据
     1>c:\users\administrator\documents\visual studio 2010\projects\ncepu-master\chaoliu\chaoliu\chaoliujisuan.cpp(52): warning C4244: “=”: 从“double”转换到“int”，可能丢失数据
     1>c:\users\administrator\documents\visual studio 2010\projects\ncepu-master\chaoliu\chaoliu\chaoliujisuan.cpp(53): warning C4244: “=”: 从“double”转换到“int”，可能丢失数据
     1>c:\users\administrator\documents\visual studio 2010\projects\ncepu-master\chaoliu\chaoliu\chaoliujisuan.cpp(59): warning C4244: “=”: 从“double”转换到“int”，可能丢失数据
     1>c:\users\administrator\documents\visual studio 2010\projects\ncepu-master\chaoliu\chaoliu\chaoliujisuan.cpp(60): warning C4244: “=”: 从“double”转换到“int”，可能丢失数据
     1>c:\users\administrator\documents\visual studio 2010\projects\ncepu-master\chaoliu\chaoliu\chaoliujisuan.cpp(61): warning C4244: “=”: 从“double”转换到“int”，可能丢失数据
     1>c:\users\administrator\documents\visual studio 2010\projects\ncepu-master\chaoliu\chaoliu\chaoliujisuan.cpp(64): warning C4244: “=”: 从“double”转换到“int”，可能丢失数据
     1>c:\users\administrator\documents\visual studio 2010\projects\ncepu-master\chaoliu\chaoliu\chaoliujisuan.cpp(65): warning C4244: “=”: 从“double”转换到“int”，可能丢失数据
     1>c:\users\administrator\documents\visual studio 2010\projects\ncepu-master\chaoliu\chaoliu\chaoliujisuan.cpp(66): warning C4244: “=”: 从“double”转换到“int”，可能丢失数据
     1>c:\users\administrator\documents\visual studio 2010\projects\ncepu-master\chaoliu\chaoliu\chaoliujisuan.cpp(396): warning C4101: “j”: 未引用的局部变量
     1>c:\users\administrator\documents\visual studio 2010\projects\ncepu-master\chaoliu\chaoliu\chaoliujisuan.cpp(314): warning C4700: 使用了未初始化的局部变量“t”
       ManifestResourceCompile:
         所有输出均为最新。
       Link:
         c:\Program Files (x86)\Microsoft Visual Studio 10.0\VC\bin\link.exe /ERRORREPORT:PROMPT /OUT:"C:\Users\Administrator\Documents\Visual Studio 2010\Projects\ncepu-master\chaoliu\Debug\chaoliu.exe" /INCREMENTAL /NOLOGO kernel32.lib user32.lib gdi32.lib winspool.lib comdlg32.lib advapi32.lib shell32.lib ole32.lib oleaut32.lib uuid.lib odbc32.lib odbccp32.lib /MANIFEST /ManifestFile:"Debug\chaoliu.exe.intermediate.manifest" /MANIFESTUAC:"level='asInvoker' uiAccess='false'" /DEBUG /PDB:"C:\Users\Administrator\Documents\Visual Studio 2010\Projects\ncepu-master\chaoliu\Debug\chaoliu.pdb" /SUBSYSTEM:CONSOLE /TLBID:1 /DYNAMICBASE /NXCOMPAT /IMPLIB:"C:\Users\Administrator\Documents\Visual Studio 2010\Projects\ncepu-master\chaoliu\Debug\chaoliu.lib" /MACHINE:X86 Debug\chaoliu.exe.embed.manifest.res
         Debug\chaoliujisuan.obj
       Manifest:
         c:\Program Files (x86)\Microsoft SDKs\Windows\v7.0A\bin\mt.exe /nologo /verbose /out:"Debug\chaoliu.exe.embed.manifest" /manifest Debug\chaoliu.exe.intermediate.manifest
         所有输出均为最新。
       LinkEmbedManifest:
         所有输出均为最新。
         chaoliu.vcxproj -> C:\Users\Administrator\Documents\Visual Studio 2010\Projects\ncepu-master\chaoliu\Debug\chaoliu.exe
       FinalizeBuildStatus:
         正在删除文件“Debug\chaoliu.unsuccessfulbuild”。
         正在对“Debug\chaoliu.lastbuildstate”执行 Touch 任务。
     1>已完成生成项目“C:\Users\Administrator\Documents\Visual Studio 2010\Projects\ncepu-master\chaoliu\chaoliu\chaoliu.vcxproj”(build 个目标)的操作。

生成成功。

已用时间 00:00:00.73
